2019-11-05 10:35:23.635  INFO 1664 --- [restartedMain] com.cw.DemoApplication                   : Starting DemoApplication on DESKTOP-64DRU9D with PID 1664 (D:\spring\demo\target\classes started by cwly1 in D:\spring\demo)
2019-11-05 10:35:23.638 DEBUG 1664 --- [restartedMain] com.cw.DemoApplication                   : Running with Spring Boot v2.2.0.RELEASE, Spring v5.2.0.RELEASE
2019-11-05 10:35:23.639  INFO 1664 --- [restartedMain] com.cw.DemoApplication                   : The following profiles are active: dev
2019-11-05 10:35:23.667  INFO 1664 --- [restartedMain] .e.DevToolsPropertyDefaultsPostProcessor : Devtools property defaults active! Set 'spring.devtools.add-properties' to 'false' to disable
2019-11-05 10:35:23.667  INFO 1664 --- [restartedMain] .e.DevToolsPropertyDefaultsPostProcessor : For additional web related logging consider setting the 'logging.level.web' property to 'DEBUG'
2019-11-05 10:35:24.012  INFO 1664 --- [restartedMain] .s.d.r.c.RepositoryConfigurationDelegate : Bootstrapping Spring Data repositories in DEFAULT mode.
2019-11-05 10:35:24.049  INFO 1664 --- [restartedMain] .s.d.r.c.RepositoryConfigurationDelegate : Finished Spring Data repository scanning in 33ms. Found 1 repository interfaces.
2019-11-05 10:35:24.291  INFO 1664 --- [restartedMain] org.xnio                                 : XNIO version 3.3.8.Final
2019-11-05 10:35:24.297  INFO 1664 --- [restartedMain] org.xnio.nio                             : XNIO NIO Implementation Version 3.3.8.Final
2019-11-05 10:35:24.939  WARN 1664 --- [restartedMain] io.undertow.websockets.jsr               : UT026010: Buffer pool was not set on WebSocketDeploymentInfo, the default pool will be used
2019-11-05 10:35:24.956  INFO 1664 --- [restartedMain] io.undertow.servlet                      : Initializing Spring embedded WebApplicationContext
2019-11-05 10:35:24.956  INFO 1664 --- [restartedMain] o.s.web.context.ContextLoader            : Root WebApplicationContext: initialization completed in 1289 ms
2019-11-05 10:35:25.225  INFO 1664 --- [restartedMain] org.mongodb.driver.cluster               : Cluster created with settings {hosts=[localhost:27017], mode=MULTIPLE, requiredClusterType=UNKNOWN, serverSelectionTimeout='30000 ms', maxWaitQueueSize=500}
2019-11-05 10:35:25.225  INFO 1664 --- [restartedMain] org.mongodb.driver.cluster               : Adding discovered server localhost:27017 to client view of cluster
2019-11-05 10:35:25.259  INFO 1664 --- [cluster-ClusterId{value='5dc0dfed41ba9e3223f55010', description='null'}-localhost:27017] org.mongodb.driver.connection            : Opened connection [connectionId{localValue:1, serverValue:126}] to localhost:27017
2019-11-05 10:35:25.263  INFO 1664 --- [cluster-ClusterId{value='5dc0dfed41ba9e3223f55010', description='null'}-localhost:27017] org.mongodb.driver.cluster               : Monitor thread successfully connected to server with description ServerDescription{address=localhost:27017, type=STANDALONE, state=CONNECTED, ok=true, version=ServerVersion{versionList=[4, 2, 0]}, minWireVersion=0, maxWireVersion=8, maxDocumentSize=16777216, logicalSessionTimeoutMinutes=30, roundTripTimeNanos=2057500}
2019-11-05 10:35:25.264  INFO 1664 --- [cluster-ClusterId{value='5dc0dfed41ba9e3223f55010', description='null'}-localhost:27017] org.mongodb.driver.cluster               : Discovered cluster type of STANDALONE
2019-11-05 10:35:25.302  WARN 1664 --- [restartedMain] o.s.data.convert.CustomConversions       : Registering converter from class java.time.LocalDateTime to class java.time.Instant as reading converter although it doesn't convert from a store-supported type! You might wanna check you annotation setup at the converter implementation.
2019-11-05 10:35:25.302  WARN 1664 --- [restartedMain] o.s.data.convert.CustomConversions       : Registering converter from class java.time.Instant to class java.time.LocalDateTime as reading converter although it doesn't convert from a store-supported type! You might wanna check you annotation setup at the converter implementation.
2019-11-05 10:35:25.344  INFO 1664 --- [restartedMain] o.s.b.d.a.OptionalLiveReloadServer       : LiveReload server is running on port 35729
2019-11-05 10:35:25.347  WARN 1664 --- [restartedMain] o.s.data.convert.CustomConversions       : Registering converter from class java.time.LocalDateTime to class java.time.Instant as reading converter although it doesn't convert from a store-supported type! You might wanna check you annotation setup at the converter implementation.
2019-11-05 10:35:25.347  WARN 1664 --- [restartedMain] o.s.data.convert.CustomConversions       : Registering converter from class java.time.Instant to class java.time.LocalDateTime as reading converter although it doesn't convert from a store-supported type! You might wanna check you annotation setup at the converter implementation.
2019-11-05 10:35:25.495  INFO 1664 --- [restartedMain] o.s.s.concurrent.ThreadPoolTaskExecutor  : Initializing ExecutorService 'applicationTaskExecutor'
2019-11-05 10:35:25.537  INFO 1664 --- [restartedMain] o.s.b.a.w.s.WelcomePageHandlerMapping    : Adding welcome page: class path resource [public/index.html]
2019-11-05 10:35:25.609  INFO 1664 --- [restartedMain] io.undertow                              : starting server: Undertow - 2.0.27.Final
2019-11-05 10:35:25.631  INFO 1664 --- [restartedMain] o.s.b.w.e.u.UndertowServletWebServer     : Undertow started on port(s) 8080 (http) with context path '/demo'
2019-11-05 10:35:25.633  INFO 1664 --- [restartedMain] com.cw.DemoApplication                   : Started DemoApplication in 2.218 seconds (JVM running for 3.304)
2019-11-05 10:35:25.636  INFO 1664 --- [restartedMain] com.cw.listener.DemoApplicationRunner    : === Appliction init done! ===
2019-11-05 10:35:25.636  INFO 1664 --- [restartedMain] com.cw.DemoApplication                   : ==== springboot application [deme] started! ====
2019-11-05 10:35:34.519  INFO 1664 --- [RMI TCP Connection(6)-127.0.0.1] inMXBeanRegistrar$SpringApplicationAdmin : Application shutdown requested.
2019-11-05 10:35:34.521  INFO 1664 --- [RMI TCP Connection(6)-127.0.0.1] o.s.s.concurrent.ThreadPoolTaskExecutor  : Shutting down ExecutorService 'applicationTaskExecutor'
2019-11-05 10:35:34.530  INFO 1664 --- [RMI TCP Connection(6)-127.0.0.1] io.undertow                              : stopping server: Undertow - 2.0.27.Final
